#
# There is insufficient memory for the Java Runtime Environment to continue.
# Native memory allocation (malloc) failed to allocate 1048576 bytes for AllocateHeap
# Possible reasons:
#   The system is out of physical RAM or swap space
#   In 32 bit mode, the process size limit was hit
# Possible solutions:
#   Reduce memory load on the system
#   Increase physical memory or swap space
#   Check if swap backing store is full
#   Use 64 bit Java on a 64 bit OS
#   Decrease Java heap size (-Xmx/-Xms)
#   Decrease number of Java threads
#   Decrease Java thread stack sizes (-Xss)
#   Set larger code cache with -XX:ReservedCodeCacheSize=
# This output file may be truncated or incomplete.
#
#  Out of Memory Error (memory/allocation.inline.hpp:61), pid=7136, tid=1356
#
# JRE version:  (8.0_77-b03) (build )
# Java VM: Java HotSpot(TM) 64-Bit Server VM (25.77-b03 mixed mode windows-amd64 compressed oops)
# Failed to write core dump. Minidumps are not enabled by default on client versions of Windows
#

---------------  T H R E A D  ---------------

Current thread (0x00000000025c3800):  JavaThread "Unknown thread" [_thread_in_vm, id=1356, stack(0x00000000024c0000,0x00000000025c0000)]

Stack: [0x00000000024c0000,0x00000000025c0000]
[error occurred during error reporting (printing stack bounds), id 0xc0000005]

Native frames: (J=compiled Java code, j=interpreted, Vv=VM code, C=native code)


---------------  P R O C E S S  ---------------

Java Threads: ( => current thread )

Other Threads:

=>0x00000000025c3800 (exited) JavaThread "Unknown thread" [_thread_in_vm, id=1356, stack(0x00000000024c0000,0x00000000025c0000)]

VM state:not at safepoint (normal execution)

VM Mutex/Monitor currently owned by a thread: None

Heap:
 PSYoungGen      total 18944K, used 327K [0x00000000feb00000, 0x0000000100000000, 0x0000000100000000)
  eden space 16384K, 2% used [0x00000000feb00000,0x00000000feb51ec8,0x00000000ffb00000)
  from space 2560K, 0% used [0x00000000ffd80000,0x00000000ffd80000,0x0000000100000000)
  to   space 2560K, 0% used [0x00000000ffb00000,0x00000000ffb00000,0x00000000ffd80000)
 ParOldGen       total 44032K, used 0K [0x00000000fc000000, 0x00000000feb00000, 0x00000000feb00000)
  object space 44032K, 0% used [0x00000000fc000000,0x00000000fc000000,0x00000000feb00000)
 Metaspace       used 769K, capacity 4480K, committed 4480K, reserved 1056768K
  class space    used 75K, capacity 384K, committed 384K, reserved 1048576K

Card table byte_map: [0x00000000023e0000,0x0000000002410000] byte_map_base: 0x0000000001c00000

Marking Bits: (ParMarkBitMap*) 0x0000000053470600
 Begin Bits: [0x0000000011e80000, 0x0000000011f80000)
 End Bits:   [0x0000000011f80000, 0x0000000012080000)

Polling page: 0x0000000000af0000

CodeCache: size=245760Kb used=328Kb max_used=328Kb free=245431Kb
 bounds [0x00000000026c0000, 0x0000000002930000, 0x00000000116c0000]
 total_blobs=58 nmethods=0 adapters=38
 compilation: enabled

Compilation events (0 events):
No events

GC Heap History (0 events):
No events

Deoptimization events (0 events):
No events

Internal exceptions (0 events):
No events

Events (10 events):
Event: 0.022 loading class java/lang/Short
Event: 0.022 loading class java/lang/Short done
Event: 0.022 loading class java/lang/Integer
Event: 0.022 loading class java/lang/Integer done
Event: 0.022 loading class java/lang/Long
Event: 0.022 loading class java/lang/Long done
Event: 0.023 loading class java/lang/NullPointerException
Event: 0.023 loading class java/lang/NullPointerException done
Event: 0.023 loading class java/lang/ArithmeticException
Event: 0.023 loading class java/lang/ArithmeticException done


Dynamic libraries:
0x00007ff6aa8b0000 - 0x00007ff6aa8e7000 	C:\Program Files\Java\jdk1.8.0_77\bin\java.exe
0x00007ff97a3c0000 - 0x00007ff97a5c7000 	C:\Windows\SYSTEM32\ntdll.dll
0x00007ff9790c0000 - 0x00007ff97917d000 	C:\Windows\System32\KERNEL32.DLL
0x00007ff977b00000 - 0x00007ff977e74000 	C:\Windows\System32\KERNELBASE.dll
0x00007ff978250000 - 0x00007ff9782fc000 	C:\Windows\System32\ADVAPI32.dll
0x00007ff979b50000 - 0x00007ff979bf3000 	C:\Windows\System32\msvcrt.dll
0x00007ff979d40000 - 0x00007ff979ddd000 	C:\Windows\System32\sechost.dll
0x00007ff978730000 - 0x00007ff978851000 	C:\Windows\System32\RPCRT4.dll
0x00007ff979e00000 - 0x00007ff979fac000 	C:\Windows\System32\USER32.dll
0x00007ff978220000 - 0x00007ff978246000 	C:\Windows\System32\win32u.dll
0x00007ff9784d0000 - 0x00007ff9784f9000 	C:\Windows\System32\GDI32.dll
0x00007ff977e80000 - 0x00007ff977f92000 	C:\Windows\System32\gdi32full.dll
0x00007ff978180000 - 0x00007ff97821d000 	C:\Windows\System32\msvcp_win.dll
0x00007ff9779e0000 - 0x00007ff977af1000 	C:\Windows\System32\ucrtbase.dll
0x00007ff965050000 - 0x00007ff9652f5000 	C:\Windows\WinSxS\amd64_microsoft.windows.common-controls_6595b64144ccf1df_6.0.22000.120_none_9d947278b86cc467\COMCTL32.dll
0x00007ff97a0c0000 - 0x00007ff97a0f1000 	C:\Windows\System32\IMM32.DLL
0x0000000053d50000 - 0x0000000053e22000 	C:\Program Files\Java\jdk1.8.0_77\jre\bin\msvcr100.dll
0x0000000052c60000 - 0x00000000534f0000 	C:\Program Files\Java\jdk1.8.0_77\jre\bin\server\jvm.dll
0x00007ff979d30000 - 0x00007ff979d38000 	C:\Windows\System32\PSAPI.DLL
0x00007ff971850000 - 0x00007ff971859000 	C:\Windows\SYSTEM32\WSOCK32.dll
0x00007ff970790000 - 0x00007ff9707c3000 	C:\Windows\SYSTEM32\WINMM.dll
0x00007ff96e6a0000 - 0x00007ff96e6aa000 	C:\Windows\SYSTEM32\VERSION.dll
0x00007ff979050000 - 0x00007ff9790bf000 	C:\Windows\System32\WS2_32.dll
0x0000000053d40000 - 0x0000000053d4f000 	C:\Program Files\Java\jdk1.8.0_77\jre\bin\verify.dll
0x0000000053d10000 - 0x0000000053d39000 	C:\Program Files\Java\jdk1.8.0_77\jre\bin\java.dll
0x0000000053cf0000 - 0x0000000053d06000 	C:\Program Files\Java\jdk1.8.0_77\jre\bin\zip.dll

VM Arguments:
jvm_args: -Dfile.encoding=UTF-8 -Xmx64M -Dcom.android.sdkmanager.toolsdir=C:\_ImportantPrograms\2021.3.16f1\Editor\Data\PlaybackEngines\AndroidPlayer\SDK\tools -Dfile.encoding=UTF8 
java_command: C:/_ImportantPrograms/2021.3.16f1/Editor/Data/PlaybackEngines/AndroidPlayer/Tools\sdktools.jar -
java_class_path (initial): C:/_ImportantPrograms/2021.3.16f1/Editor/Data/PlaybackEngines/AndroidPlayer/Tools\sdktools.jar
Launcher Type: SUN_STANDARD

Environment Variables:
JAVA_HOME=C:\Program Files\Java\jdk1.8.0_77
JAVA_TOOL_OPTIONS=-Dfile.encoding=UTF-8
PATH=C:\_ImportantPrograms\Python\Python3.7.0\Scripts\;C:\_ImportantPrograms\Python\Python3.7.0\;C:\ProgramData\Oracle\Java\javapath;C:\_ImportantPrograms\Python\Python310\Scripts\;C:\_ImportantPrograms\Python\Python310\;C:\Windows\system32;C:\Windows;C:\Windows\System32\Wbem;C:\Windows\System32\WindowsPowerShell\v1.0\;C:\Windows\System32\OpenSSH\;C:\Program Files\Git\cmd;C:\Program Files\dotnet\;C:\Program Files\Java\jdk1.8.0_77\bin;D:\Programs\LaTeX\MiKTeX\miktex\bin\x64\;C:\Program Files\Git LFS;C:\Users\Administrator\AppData\Local\Microsoft\WindowsApps;C:\Users\Administrator\AppData\Local\GitHubDesktop\bin;C:\Users\Administrator\.dotnet\tools;C:\_ImportantPrograms\JetBrains PyCharm 2022.2.3\PyCharm 2022.2.3\bin;C:\_ImportantPrograms\JetBrains Rider 2022.3.3\bin;C:\Users\Administrator\AppData\Local\JetBrains\Toolbox\scripts;
USERNAME=Oknaa
OS=Windows_NT
PROCESSOR_IDENTIFIER=Intel64 Family 6 Model 142 Stepping 9, GenuineIntel



---------------  S Y S T E M  ---------------

OS: Windows 10.0 , 64 bit Build 22000 (10.0.22000.120)

CPU:total 4 (2 cores per cpu, 2 threads per core) family 6 model 142 stepping 9, cmov, cx8, fxsr, mmx, sse, sse2, sse3, ssse3, sse4.1, sse4.2, popcnt, avx, avx2, aes, clmul, erms, 3dnowpref, lzcnt, ht, tsc, tscinvbit, bmi1, bmi2, adx

Memory: 4k page, physical 8271364k(1523892k free), swap 8783364k(5692k free)

vm_info: Java HotSpot(TM) 64-Bit Server VM (25.77-b03) for windows-amd64 JRE (1.8.0_77-b03), built on Mar 20 2016 22:01:33 by "java_re" with MS VC++ 10.0 (VS2010)

time: Sun Apr 21 18:22:08 2024
elapsed time: 0 seconds (0d 0h 0m 0s)

